app/build/outputs/logs/manifest-merger-debug-report.txt
-- Merging decision tree log ---
manifest
ADDED from AndroidManifest.xml:2:1
	package
		ADDED from AndroidManifest.xml:3:5
		INJECTED from AndroidManifest.xml:0:0
		INJECTED from AndroidManifest.xml:0:0
	android:versionName
		ADDED from AndroidManifest.xml:5:5
	android:versionCode
		ADDED from AndroidManifest.xml:4:5
		INJECTED from AndroidManifest.xml:0:0
		INJECTED from AndroidManifest.xml:0:0
	xmlns:android
		ADDED from AndroidManifest.xml:2:11
uses-permission#android.permission.BLUETOOTH
ADDED from AndroidManifest.xml:7:5
	android:name
		ADDED from AndroidManifest.xml:7:22
uses-permission#android.permission.BLUETOOTH_ADMIN
ADDED from AndroidManifest.xml:8:5
	android:name
		ADDED from AndroidManifest.xml:8:22
uses-permission#android.permission.INTERNET
ADDED from AndroidManifest.xml:9:5
	android:name
		ADDED from AndroidManifest.xml:9:22
uses-permission#android.permission.READ_EXTERNAL_STORAGE
ADDED from AndroidManifest.xml:10:5
	android:name
		ADDED from AndroidManifest.xml:10:22
uses-sdk
ADDED from AndroidManifest.xml:12:5
MERGED from com.android.support:support-v4:22.0.0:20:5
MERGED from com.google.android.gms:play-services:7.3.0:18:5
MERGED from com.google.android.gms:play-services-ads:7.3.0:18:5
MERGED from com.google.android.gms:play-services-base:7.3.0:18:5
MERGED from com.android.support:support-v4:22.0.0:20:5
MERGED from com.google.android.gms:play-services-analytics:7.3.0:18:5
MERGED from com.google.android.gms:play-services-base:7.3.0:18:5
MERGED from com.android.support:support-v4:22.0.0:20:5
MERGED from com.google.android.gms:play-services-analytics:7.3.0:18:5
MERGED from com.google.android.gms:play-services-base:7.3.0:18:5
MERGED from com.android.support:support-v4:22.0.0:20:5
MERGED from com.google.android.gms:play-services-appindexing:7.3.0:18:5
MERGED from com.google.android.gms:play-services-base:7.3.0:18:5
MERGED from com.android.support:support-v4:22.0.0:20:5
MERGED from com.google.android.gms:play-services-appinvite:7.3.0:18:5
MERGED from com.google.android.gms:play-services-base:7.3.0:18:5
MERGED from com.android.support:support-v4:22.0.0:20:5
MERGED from com.google.android.gms:play-services-appstate:7.3.0:18:5
MERGED from com.google.android.gms:play-services-base:7.3.0:18:5
MERGED from com.android.support:support-v4:22.0.0:20:5
MERGED from com.google.android.gms:play-services-base:7.3.0:18:5
MERGED from com.android.support:support-v4:22.0.0:20:5
MERGED from com.google.android.gms:play-services-cast:7.3.0:18:5
MERGED from com.google.android.gms:play-services-base:7.3.0:18:5
MERGED from com.android.support:support-v4:22.0.0:20:5
MERGED from com.google.android.gms:play-services-drive:7.3.0:18:5
MERGED from com.google.android.gms:play-services-base:7.3.0:18:5
MERGED from com.android.support:support-v4:22.0.0:20:5
MERGED from com.google.android.gms:play-services-fitness:7.3.0:18:5
MERGED from com.google.android.gms:play-services-base:7.3.0:18:5
MERGED from com.android.support:support-v4:22.0.0:20:5
MERGED from com.google.android.gms:play-services-location:7.3.0:18:5
MERGED from com.google.android.gms:play-services-base:7.3.0:18:5
MERGED from com.android.support:support-v4:22.0.0:20:5
MERGED from com.google.android.gms:play-services-maps:7.3.0:18:5
MERGED from com.google.android.gms:play-services-base:7.3.0:18:5
MERGED from com.android.support:support-v4:22.0.0:20:5
MERGED from com.google.android.gms:play-services-games:7.3.0:18:5
MERGED from com.google.android.gms:play-services-base:7.3.0:18:5
MERGED from com.android.support:support-v4:22.0.0:20:5
MERGED from com.google.android.gms:play-services-drive:7.3.0:18:5
MERGED from com.google.android.gms:play-services-base:7.3.0:18:5
MERGED from com.android.support:support-v4:22.0.0:20:5
MERGED from com.google.android.gms:play-services-gcm:7.3.0:18:5
MERGED from com.google.android.gms:play-services-base:7.3.0:18:5
MERGED from com.android.support:support-v4:22.0.0:20:5
MERGED from com.google.android.gms:play-services-identity:7.3.0:18:5
MERGED from com.google.android.gms:play-services-base:7.3.0:18:5
MERGED from com.android.support:support-v4:22.0.0:20:5
MERGED from com.google.android.gms:play-services-location:7.3.0:18:5
MERGED from com.google.android.gms:play-services-base:7.3.0:18:5
MERGED from com.android.support:support-v4:22.0.0:20:5
MERGED from com.google.android.gms:play-services-maps:7.3.0:18:5
MERGED from com.google.android.gms:play-services-base:7.3.0:18:5
MERGED from com.android.support:support-v4:22.0.0:20:5
MERGED from com.google.android.gms:play-services-maps:7.3.0:18:5
MERGED from com.google.android.gms:play-services-base:7.3.0:18:5
MERGED from com.android.support:support-v4:22.0.0:20:5
MERGED from com.google.android.gms:play-services-nearby:7.3.0:18:5
MERGED from com.google.android.gms:play-services-base:7.3.0:18:5
MERGED from com.android.support:support-v4:22.0.0:20:5
MERGED from com.google.android.gms:play-services-panorama:7.3.0:18:5
MERGED from com.google.android.gms:play-services-base:7.3.0:18:5
MERGED from com.android.support:support-v4:22.0.0:20:5
MERGED from com.google.android.gms:play-services-plus:7.3.0:18:5
MERGED from com.google.android.gms:play-services-base:7.3.0:18:5
MERGED from com.android.support:support-v4:22.0.0:20:5
MERGED from com.google.android.gms:play-services-safetynet:7.3.0:18:5
MERGED from com.google.android.gms:play-services-base:7.3.0:18:5
MERGED from com.android.support:support-v4:22.0.0:20:5
MERGED from com.google.android.gms:play-services-wallet:7.3.0:18:5
MERGED from com.google.android.gms:play-services-base:7.3.0:18:5
MERGED from com.android.support:support-v4:22.0.0:20:5
MERGED from com.google.android.gms:play-services-identity:7.3.0:18:5
MERGED from com.google.android.gms:play-services-base:7.3.0:18:5
MERGED from com.android.support:support-v4:22.0.0:20:5
MERGED from com.google.android.gms:play-services-maps:7.3.0:18:5
MERGED from com.google.android.gms:play-services-base:7.3.0:18:5
MERGED from com.android.support:support-v4:22.0.0:20:5
MERGED from com.google.android.gms:play-services-wearable:7.3.0:18:5
MERGED from com.google.android.gms:play-services-base:7.3.0:18:5
MERGED from com.android.support:support-v4:22.0.0:20:5
	android:targetSdkVersion
		ADDED from AndroidManifest.xml:14:9
		INJECTED from AndroidManifest.xml:0:0
		INJECTED from AndroidManifest.xml:0:0
	android:minSdkVersion
		ADDED from AndroidManifest.xml:13:9
		INJECTED from AndroidManifest.xml:0:0
		INJECTED from AndroidManifest.xml:0:0
uses-feature#android.hardware.bluetooth_le
ADDED from AndroidManifest.xml:16:5
	android:required
		ADDED from AndroidManifest.xml:18:9
	android:name
		ADDED from AndroidManifest.xml:17:9
application
ADDED from AndroidManifest.xml:20:5
MERGED from com.android.support:support-v4:22.0.0:22:5
MERGED from com.google.android.gms:play-services:7.3.0:19:5
MERGED from com.google.android.gms:play-services-ads:7.3.0:19:5
MERGED from com.google.android.gms:play-services-base:7.3.0:20:5
MERGED from com.android.support:support-v4:22.0.0:22:5
MERGED from com.google.android.gms:play-services-analytics:7.3.0:19:5
MERGED from com.google.android.gms:play-services-base:7.3.0:20:5
MERGED from com.android.support:support-v4:22.0.0:22:5
MERGED from com.google.android.gms:play-services-analytics:7.3.0:19:5
MERGED from com.google.android.gms:play-services-base:7.3.0:20:5
MERGED from com.android.support:support-v4:22.0.0:22:5
MERGED from com.google.android.gms:play-services-appindexing:7.3.0:19:5
MERGED from com.google.android.gms:play-services-base:7.3.0:20:5
MERGED from com.android.support:support-v4:22.0.0:22:5
MERGED from com.google.android.gms:play-services-appinvite:7.3.0:19:5
MERGED from com.google.android.gms:play-services-base:7.3.0:20:5
MERGED from com.android.support:support-v4:22.0.0:22:5
MERGED from com.google.android.gms:play-services-appstate:7.3.0:19:5
MERGED from com.google.android.gms:play-services-base:7.3.0:20:5
MERGED from com.android.support:support-v4:22.0.0:22:5
MERGED from com.google.android.gms:play-services-base:7.3.0:20:5
MERGED from com.android.support:support-v4:22.0.0:22:5
MERGED from com.google.android.gms:play-services-cast:7.3.0:19:5
MERGED from com.google.android.gms:play-services-base:7.3.0:20:5
MERGED from com.android.support:support-v4:22.0.0:22:5
MERGED from com.google.android.gms:play-services-drive:7.3.0:19:5
MERGED from com.google.android.gms:play-services-base:7.3.0:20:5
MERGED from com.android.support:support-v4:22.0.0:22:5
MERGED from com.google.android.gms:play-services-fitness:7.3.0:19:5
MERGED from com.google.android.gms:play-services-base:7.3.0:20:5
MERGED from com.android.support:support-v4:22.0.0:22:5
MERGED from com.google.android.gms:play-services-location:7.3.0:19:5
MERGED from com.google.android.gms:play-services-base:7.3.0:20:5
MERGED from com.android.support:support-v4:22.0.0:22:5
MERGED from com.google.android.gms:play-services-maps:7.3.0:19:5
MERGED from com.google.android.gms:play-services-base:7.3.0:20:5
MERGED from com.android.support:support-v4:22.0.0:22:5
MERGED from com.google.android.gms:play-services-games:7.3.0:19:5
MERGED from com.google.android.gms:play-services-base:7.3.0:20:5
MERGED from com.android.support:support-v4:22.0.0:22:5
MERGED from com.google.android.gms:play-services-drive:7.3.0:19:5
MERGED from com.google.android.gms:play-services-base:7.3.0:20:5
MERGED from com.android.support:support-v4:22.0.0:22:5
MERGED from com.google.android.gms:play-services-gcm:7.3.0:19:5
MERGED from com.google.android.gms:play-services-base:7.3.0:20:5
MERGED from com.android.support:support-v4:22.0.0:22:5
MERGED from com.google.android.gms:play-services-identity:7.3.0:19:5
MERGED from com.google.android.gms:play-services-base:7.3.0:20:5
MERGED from com.android.support:support-v4:22.0.0:22:5
MERGED from com.google.android.gms:play-services-location:7.3.0:19:5
MERGED from com.google.android.gms:play-services-base:7.3.0:20:5
MERGED from com.android.support:support-v4:22.0.0:22:5
MERGED from com.google.android.gms:play-services-maps:7.3.0:19:5
MERGED from com.google.android.gms:play-services-base:7.3.0:20:5
MERGED from com.android.support:support-v4:22.0.0:22:5
MERGED from com.google.android.gms:play-services-maps:7.3.0:19:5
MERGED from com.google.android.gms:play-services-base:7.3.0:20:5
MERGED from com.android.support:support-v4:22.0.0:22:5
MERGED from com.google.android.gms:play-services-nearby:7.3.0:19:5
MERGED from com.google.android.gms:play-services-base:7.3.0:20:5
MERGED from com.android.support:support-v4:22.0.0:22:5
MERGED from com.google.android.gms:play-services-panorama:7.3.0:19:5
MERGED from com.google.android.gms:play-services-base:7.3.0:20:5
MERGED from com.android.support:support-v4:22.0.0:22:5
MERGED from com.google.android.gms:play-services-plus:7.3.0:19:5
MERGED from com.google.android.gms:play-services-base:7.3.0:20:5
MERGED from com.android.support:support-v4:22.0.0:22:5
MERGED from com.google.android.gms:play-services-safetynet:7.3.0:19:5
MERGED from com.google.android.gms:play-services-base:7.3.0:20:5
MERGED from com.android.support:support-v4:22.0.0:22:5
MERGED from com.google.android.gms:play-services-wallet:7.3.0:19:5
MERGED from com.google.android.gms:play-services-base:7.3.0:20:5
MERGED from com.android.support:support-v4:22.0.0:22:5
MERGED from com.google.android.gms:play-services-identity:7.3.0:19:5
MERGED from com.google.android.gms:play-services-base:7.3.0:20:5
MERGED from com.android.support:support-v4:22.0.0:22:5
MERGED from com.google.android.gms:play-services-maps:7.3.0:19:5
MERGED from com.google.android.gms:play-services-base:7.3.0:20:5
MERGED from com.android.support:support-v4:22.0.0:22:5
MERGED from com.google.android.gms:play-services-wearable:7.3.0:19:5
MERGED from com.google.android.gms:play-services-base:7.3.0:20:5
MERGED from com.android.support:support-v4:22.0.0:22:5
	android:label
		ADDED from AndroidManifest.xml:23:9
	android:allowBackup
		ADDED from AndroidManifest.xml:21:9
	android:icon
		ADDED from AndroidManifest.xml:22:9
	android:theme
		ADDED from AndroidManifest.xml:24:9
service#com.ble.eic.git.botspinecommon.BluetoothLeService
ADDED from AndroidManifest.xml:25:9
	android:enabled
		ADDED from AndroidManifest.xml:27:13
	android:name
		ADDED from AndroidManifest.xml:26:13
activity#com.ble.eic.git.botspine.MainActivity
ADDED from AndroidManifest.xml:29:9
	android:screenOrientation
		ADDED from AndroidManifest.xml:32:13
	android:label
		ADDED from AndroidManifest.xml:31:13
	android:name
		ADDED from AndroidManifest.xml:30:13
intent-filter#android.intent.action.MAIN+android.intent.category.DEFAULT+android.intent.category.LAUNCHER
ADDED from AndroidManifest.xml:33:13
action#android.intent.action.MAIN
ADDED from AndroidManifest.xml:34:17
	android:name
		ADDED from AndroidManifest.xml:34:25
category#android.intent.category.DEFAULT
ADDED from AndroidManifest.xml:36:17
	android:name
		ADDED from AndroidManifest.xml:36:27
category#android.intent.category.LAUNCHER
ADDED from AndroidManifest.xml:37:17
	android:name
		ADDED from AndroidManifest.xml:37:27
activity#com.ble.eic.git.botspine.DeviceActivity
ADDED from AndroidManifest.xml:40:9
	android:screenOrientation
		ADDED from AndroidManifest.xml:43:13
	android:parentActivityName
		ADDED from AndroidManifest.xml:42:13
	android:name
		ADDED from AndroidManifest.xml:41:13
activity#com.ble.eic.git.botspine.ServiceActivity
ADDED from AndroidManifest.xml:44:9
	android:screenOrientation
		ADDED from AndroidManifest.xml:47:13
	android:parentActivityName
		ADDED from AndroidManifest.xml:46:13
	android:name
		ADDED from AndroidManifest.xml:45:13
activity#com.ble.eic.git.botspine.FwUpdateActivity
ADDED from AndroidManifest.xml:48:9
	android:screenOrientation
		ADDED from AndroidManifest.xml:51:13
	android:parentActivityName
		ADDED from AndroidManifest.xml:50:13
	android:name
		ADDED from AndroidManifest.xml:49:13
activity#com.ble.eic.git.botspine.FileActivity
ADDED from AndroidManifest.xml:52:9
	android:screenOrientation
		ADDED from AndroidManifest.xml:55:13
	android:parentActivityName
		ADDED from AndroidManifest.xml:54:13
	android:name
		ADDED from AndroidManifest.xml:53:13
activity#com.ble.eic.git.botspine.PreferencesActivity
ADDED from AndroidManifest.xml:56:9
	android:screenOrientation
		ADDED from AndroidManifest.xml:59:13
	android:label
		ADDED from AndroidManifest.xml:60:13
	android:parentActivityName
		ADDED from AndroidManifest.xml:58:13
	android:name
		ADDED from AndroidManifest.xml:57:13
meta-data#com.google.android.gms.version
ADDED from com.google.android.gms:play-services-base:7.3.0:21:9
MERGED from com.google.android.gms:play-services-base:7.3.0:21:9
MERGED from com.google.android.gms:play-services-base:7.3.0:21:9
MERGED from com.google.android.gms:play-services-base:7.3.0:21:9
MERGED from com.google.android.gms:play-services-base:7.3.0:21:9
MERGED from com.google.android.gms:play-services-base:7.3.0:21:9
MERGED from com.google.android.gms:play-services-base:7.3.0:21:9
MERGED from com.google.android.gms:play-services-base:7.3.0:21:9
MERGED from com.google.android.gms:play-services-base:7.3.0:21:9
MERGED from com.google.android.gms:play-services-base:7.3.0:21:9
MERGED from com.google.android.gms:play-services-base:7.3.0:21:9
MERGED from com.google.android.gms:play-services-base:7.3.0:21:9
MERGED from com.google.android.gms:play-services-base:7.3.0:21:9
MERGED from com.google.android.gms:play-services-base:7.3.0:21:9
MERGED from com.google.android.gms:play-services-base:7.3.0:21:9
MERGED from com.google.android.gms:play-services-base:7.3.0:21:9
MERGED from com.google.android.gms:play-services-base:7.3.0:21:9
MERGED from com.google.android.gms:play-services-base:7.3.0:21:9
MERGED from com.google.android.gms:play-services-base:7.3.0:21:9
MERGED from com.google.android.gms:play-services-base:7.3.0:21:9
MERGED from com.google.android.gms:play-services-base:7.3.0:21:9
MERGED from com.google.android.gms:play-services-base:7.3.0:21:9
MERGED from com.google.android.gms:play-services-base:7.3.0:21:9
MERGED from com.google.android.gms:play-services-base:7.3.0:21:9
MERGED from com.google.android.gms:play-services-base:7.3.0:21:9
MERGED from com.google.android.gms:play-services-base:7.3.0:21:9
MERGED from com.google.android.gms:play-services-base:7.3.0:21:9
	android:value
		ADDED from com.google.android.gms:play-services-base:7.3.0:23:13
	android:name
		ADDED from com.google.android.gms:play-services-base:7.3.0:22:13